<?xml version="1.0" encoding="UTF-8"?>
<testng-results ignored="0" total="1" passed="1" failed="0" skipped="0">
  <reporter-output>
  </reporter-output>
  <suite started-at="2022-06-26T17:57:57 IST" name="Default suite" finished-at="2022-06-26T17:58:25 IST" duration-ms="28022">
    <groups>
    </groups>
    <test started-at="2022-06-26T17:57:57 IST" name="Default test" finished-at="2022-06-26T17:58:25 IST" duration-ms="28022">
      <class name="Testcases.CreatePortfolioTest">
        <test-method signature="createPortfolioTest()[pri:0, instance:Testcases.CreatePortfolioTest@156b88f5]" started-at="2022-06-26T17:57:57 IST" name="createPortfolioTest" finished-at="2022-06-26T17:58:25 IST" duration-ms="27939" status="PASS">
          <reporter-output>
          </reporter-output>
        </test-method> <!-- createPortfolioTest -->
      </class> <!-- Testcases.CreatePortfolioTest -->
    </test> <!-- Default test -->
  </suite> <!-- Default suite -->
</testng-results>
